Info: Starting: Create block symbol file (.bsf)
Info: qsys-generate C:\Users\Martin\OneDrive\Dokument\Projekt15\DF.qsys --block-symbol-file --output-directory=C:\Users\Martin\OneDrive\Dokument\Projekt15\DF --family="Cyclone V" --part=5CSEMA5F31C6
Progress: Loading Projekt15/DF.qsys
Progress: Reading input file
Progress: Adding adc_mega_0 [altera_up_avalon_adc_mega 18.0]
Progress: Parameterizing module adc_mega_0
Progress: Building connections
Progress: Parameterizing connections
Progress: Validating
Progress: Done reading input file
Info: qsys-generate succeeded.
Info: Finished: Create block symbol file (.bsf)
Info: 
Info: Starting: Create HDL design files for synthesis
Info: qsys-generate C:\Users\Martin\OneDrive\Dokument\Projekt15\DF.qsys --synthesis=VHDL --output-directory=C:\Users\Martin\OneDrive\Dokument\Projekt15\DF\synthesis --family="Cyclone V" --part=5CSEMA5F31C6
Progress: Loading Projekt15/DF.qsys
Progress: Reading input file
Progress: Adding adc_mega_0 [altera_up_avalon_adc_mega 18.0]
Progress: Parameterizing module adc_mega_0
Progress: Building connections
Progress: Parameterizing connections
Progress: Validating
Progress: Done reading input file
Info: DF: Generating DF "DF" for QUARTUS_SYNTH
Info: adc_mega_0: Starting Generation of ADC Controller for DE-series Board
Info: adc_mega_0: C:/intelfpga_lite/18.1/ip/altera/university_program/input_output/altera_up_avalon_adc/hdl/altera_up_avalon_adv_adc.v C:/Users/Martin/AppData/Local/Temp/alt7841_5733387766105123246.dir/0002_sopcgen/DF_adc_mega_0.v
Info: adc_mega_0: "DF" instantiated altera_up_avalon_adc_mega "adc_mega_0"
Info: DF: Done "DF" with 2 modules, 3 files
Info: qsys-generate succeeded.
Info: Finished: Create HDL design files for synthesis
