Analysis & Synthesis report for DF
Tue Nov 06 12:27:27 2018
Quartus Prime Version 18.1.0 Build 625 09/12/2018 SJ Lite Edition


---------------------
; Table of Contents ;
---------------------
  1. Legal Notice
  2. Analysis & Synthesis Summary
  3. Analysis & Synthesis Settings
  4. Parallel Compilation
  5. Analysis & Synthesis Messages



----------------
; Legal Notice ;
----------------
Copyright (C) 2018  Intel Corporation. All rights reserved.
Your use of Intel Corporation's design tools, logic functions 
and other software and tools, and its AMPP partner logic 
functions, and any output files from any of the foregoing 
(including device programming or simulation files), and any 
associated documentation or information are expressly subject 
to the terms and conditions of the Intel Program License 
Subscription Agreement, the Intel Quartus Prime License Agreement,
the Intel FPGA IP License Agreement, or other applicable license
agreement, including, without limitation, that your use is for
the sole purpose of programming logic devices manufactured by
Intel and sold by Intel or its authorized distributors.  Please
refer to the applicable agreement for further details.



+---------------------------------------------------------------------------+
; Analysis & Synthesis Summary                                              ;
+-----------------------------+---------------------------------------------+
; Analysis & Synthesis Status ; Failed - Tue Nov 06 12:27:27 2018           ;
; Quartus Prime Version       ; 18.1.0 Build 625 09/12/2018 SJ Lite Edition ;
; Revision Name               ; DF                                          ;
; Top-level Entity Name       ; main                                        ;
; Family                      ; Cyclone V                                   ;
; Logic utilization (in ALMs) ; N/A until Partition Merge                   ;
; Total registers             ; N/A until Partition Merge                   ;
; Total pins                  ; N/A until Partition Merge                   ;
; Total virtual pins          ; N/A until Partition Merge                   ;
; Total block memory bits     ; N/A until Partition Merge                   ;
; Total PLLs                  ; N/A until Partition Merge                   ;
; Total DLLs                  ; N/A until Partition Merge                   ;
+-----------------------------+---------------------------------------------+


+---------------------------------------------------------------------------------------------------------------------------+
; Analysis & Synthesis Settings                                                                                             ;
+---------------------------------------------------------------------------------+--------------------+--------------------+
; Option                                                                          ; Setting            ; Default Value      ;
+---------------------------------------------------------------------------------+--------------------+--------------------+
; Device                                                                          ; 5CSEMA5F31C6       ;                    ;
; Top-level entity name                                                           ; main               ; DF                 ;
; Family name                                                                     ; Cyclone V          ; Cyclone V          ;
; Use smart compilation                                                           ; On                 ; Off                ;
; Maximum processors allowed for parallel compilation                             ; All                ;                    ;
; Enable parallel Assembler and Timing Analyzer during compilation                ; On                 ; On                 ;
; Enable compact report table                                                     ; Off                ; Off                ;
; Restructure Multiplexers                                                        ; Auto               ; Auto               ;
; MLAB Add Timing Constraints For Mixed-Port Feed-Through Mode Setting Don't Care ; Off                ; Off                ;
; Create Debugging Nodes for IP Cores                                             ; Off                ; Off                ;
; Preserve fewer node names                                                       ; On                 ; On                 ;
; Intel FPGA IP Evaluation Mode                                                   ; Enable             ; Enable             ;
; Verilog Version                                                                 ; Verilog_2001       ; Verilog_2001       ;
; VHDL Version                                                                    ; VHDL_1993          ; VHDL_1993          ;
; State Machine Processing                                                        ; Auto               ; Auto               ;
; Safe State Machine                                                              ; Off                ; Off                ;
; Extract Verilog State Machines                                                  ; On                 ; On                 ;
; Extract VHDL State Machines                                                     ; On                 ; On                 ;
; Ignore Verilog initial constructs                                               ; Off                ; Off                ;
; Iteration limit for constant Verilog loops                                      ; 5000               ; 5000               ;
; Iteration limit for non-constant Verilog loops                                  ; 250                ; 250                ;
; Add Pass-Through Logic to Inferred RAMs                                         ; On                 ; On                 ;
; Infer RAMs from Raw Logic                                                       ; On                 ; On                 ;
; Parallel Synthesis                                                              ; On                 ; On                 ;
; DSP Block Balancing                                                             ; Auto               ; Auto               ;
; NOT Gate Push-Back                                                              ; On                 ; On                 ;
; Power-Up Don't Care                                                             ; On                 ; On                 ;
; Remove Redundant Logic Cells                                                    ; Off                ; Off                ;
; Remove Duplicate Registers                                                      ; On                 ; On                 ;
; Ignore CARRY Buffers                                                            ; Off                ; Off                ;
; Ignore CASCADE Buffers                                                          ; Off                ; Off                ;
; Ignore GLOBAL Buffers                                                           ; Off                ; Off                ;
; Ignore ROW GLOBAL Buffers                                                       ; Off                ; Off                ;
; Ignore LCELL Buffers                                                            ; Off                ; Off                ;
; Ignore SOFT Buffers                                                             ; On                 ; On                 ;
; Limit AHDL Integers to 32 Bits                                                  ; Off                ; Off                ;
; Optimization Technique                                                          ; Balanced           ; Balanced           ;
; Carry Chain Length                                                              ; 70                 ; 70                 ;
; Auto Carry Chains                                                               ; On                 ; On                 ;
; Auto Open-Drain Pins                                                            ; On                 ; On                 ;
; Perform WYSIWYG Primitive Resynthesis                                           ; Off                ; Off                ;
; Auto ROM Replacement                                                            ; On                 ; On                 ;
; Auto RAM Replacement                                                            ; On                 ; On                 ;
; Auto DSP Block Replacement                                                      ; On                 ; On                 ;
; Auto Shift Register Replacement                                                 ; Auto               ; Auto               ;
; Allow Shift Register Merging across Hierarchies                                 ; Auto               ; Auto               ;
; Auto Clock Enable Replacement                                                   ; On                 ; On                 ;
; Strict RAM Replacement                                                          ; Off                ; Off                ;
; Allow Synchronous Control Signals                                               ; On                 ; On                 ;
; Force Use of Synchronous Clear Signals                                          ; Off                ; Off                ;
; Auto Resource Sharing                                                           ; Off                ; Off                ;
; Allow Any RAM Size For Recognition                                              ; Off                ; Off                ;
; Allow Any ROM Size For Recognition                                              ; Off                ; Off                ;
; Allow Any Shift Register Size For Recognition                                   ; Off                ; Off                ;
; Use LogicLock Constraints during Resource Balancing                             ; On                 ; On                 ;
; Ignore translate_off and synthesis_off directives                               ; Off                ; Off                ;
; Timing-Driven Synthesis                                                         ; On                 ; On                 ;
; Report Parameter Settings                                                       ; On                 ; On                 ;
; Report Source Assignments                                                       ; On                 ; On                 ;
; Report Connectivity Checks                                                      ; On                 ; On                 ;
; Ignore Maximum Fan-Out Assignments                                              ; Off                ; Off                ;
; Synchronization Register Chain Length                                           ; 3                  ; 3                  ;
; Power Optimization During Synthesis                                             ; Normal compilation ; Normal compilation ;
; HDL message level                                                               ; Level2             ; Level2             ;
; Suppress Register Optimization Related Messages                                 ; Off                ; Off                ;
; Number of Removed Registers Reported in Synthesis Report                        ; 5000               ; 5000               ;
; Number of Swept Nodes Reported in Synthesis Report                              ; 5000               ; 5000               ;
; Number of Inverted Registers Reported in Synthesis Report                       ; 100                ; 100                ;
; Clock MUX Protection                                                            ; On                 ; On                 ;
; Auto Gated Clock Conversion                                                     ; Off                ; Off                ;
; Block Design Naming                                                             ; Auto               ; Auto               ;
; SDC constraint protection                                                       ; Off                ; Off                ;
; Synthesis Effort                                                                ; Auto               ; Auto               ;
; Shift Register Replacement - Allow Asynchronous Clear Signal                    ; On                 ; On                 ;
; Pre-Mapping Resynthesis Optimization                                            ; Off                ; Off                ;
; Analysis & Synthesis Message Level                                              ; Medium             ; Medium             ;
; Disable Register Merging Across Hierarchies                                     ; Auto               ; Auto               ;
; Resource Aware Inference For Block RAM                                          ; On                 ; On                 ;
; Automatic Parallel Synthesis                                                    ; On                 ; On                 ;
; Partial Reconfiguration Bitstream ID                                            ; Off                ; Off                ;
+---------------------------------------------------------------------------------+--------------------+--------------------+


+------------------------------------------+
; Parallel Compilation                     ;
+----------------------------+-------------+
; Processors                 ; Number      ;
+----------------------------+-------------+
; Number detected on machine ; 4           ;
; Maximum allowed            ; 2           ;
;                            ;             ;
; Average used               ; 1.00        ;
; Maximum used               ; 1           ;
;                            ;             ;
; Usage by Processor         ; % Time Used ;
;     Processor 1            ; 100.0%      ;
+----------------------------+-------------+


+-------------------------------+
; Analysis & Synthesis Messages ;
+-------------------------------+
Info: *******************************************************************
Info: Running Quartus Prime Analysis & Synthesis
    Info: Version 18.1.0 Build 625 09/12/2018 SJ Lite Edition
    Info: Processing started: Tue Nov 06 12:27:11 2018
Info: Command: quartus_map --read_settings_files=on --write_settings_files=off DF -c DF
Info (20030): Parallel compilation is enabled and will use 2 of the 2 processors detected
Info (12021): Found 1 design units, including 1 entities, in source file main.bdf
    Info (12023): Found entity 1: main
Info (12021): Found 2 design units, including 1 entities, in source file df.vhd
    Info (12022): Found design unit 1: DF-rtl File: C:/Users/Martin/OneDrive/Dokument/Projekt15/DF.vhd Line: 17
    Info (12023): Found entity 1: DF File: C:/Users/Martin/OneDrive/Dokument/Projekt15/DF.vhd Line: 5
Info (12021): Found 2 design units, including 1 entities, in source file lcd_display.vhd
    Info (12022): Found design unit 1: LCD_display-rtl File: C:/Users/Martin/OneDrive/Dokument/Projekt15/LCD_display.vhd Line: 23
    Info (12023): Found entity 1: LCD_display File: C:/Users/Martin/OneDrive/Dokument/Projekt15/LCD_display.vhd Line: 6
Info (12021): Found 2 design units, including 1 entities, in source file clock_divider.vhd
    Info (12022): Found design unit 1: clock_divider-rtl File: C:/Users/Martin/OneDrive/Dokument/Projekt15/clock_divider.vhd Line: 12
    Info (12023): Found entity 1: clock_divider File: C:/Users/Martin/OneDrive/Dokument/Projekt15/clock_divider.vhd Line: 5
Info (12127): Elaborating entity "main" for the top level hierarchy
Warning (275009): Pin "inSignal1" not connected
Info (12128): Elaborating entity "LCD_display" for hierarchy "LCD_display:inst"
Info (12128): Elaborating entity "clock_divider" for hierarchy "clock_divider:inst1"
Info (12128): Elaborating entity "DF" for hierarchy "DF:inst2"
Error (12002): Port "ADC_CS_N" does not exist in macrofunction "inst3"
Error (12002): Port "ADC_DIN" does not exist in macrofunction "inst3"
Error (12002): Port "ADC_SCLK" does not exist in macrofunction "inst3"
Error (12002): Port "CH0[0]" does not exist in macrofunction "inst3"
Error (12002): Port "CH0[10]" does not exist in macrofunction "inst3"
Error (12002): Port "CH0[11]" does not exist in macrofunction "inst3"
Error (12002): Port "CH0[1]" does not exist in macrofunction "inst3"
Error (12002): Port "CH0[2]" does not exist in macrofunction "inst3"
Error (12002): Port "CH0[3]" does not exist in macrofunction "inst3"
Error (12002): Port "CH0[4]" does not exist in macrofunction "inst3"
Error (12002): Port "CH0[5]" does not exist in macrofunction "inst3"
Error (12002): Port "CH0[6]" does not exist in macrofunction "inst3"
Error (12002): Port "CH0[7]" does not exist in macrofunction "inst3"
Error (12002): Port "CH0[8]" does not exist in macrofunction "inst3"
Error (12002): Port "CH0[9]" does not exist in macrofunction "inst3"
Error (12002): Port "CH1[0]" does not exist in macrofunction "inst3"
Error (12002): Port "CH1[10]" does not exist in macrofunction "inst3"
Error (12002): Port "CH1[11]" does not exist in macrofunction "inst3"
Error (12002): Port "CH1[1]" does not exist in macrofunction "inst3"
Error (12002): Port "CH1[2]" does not exist in macrofunction "inst3"
Error (12002): Port "CH1[3]" does not exist in macrofunction "inst3"
Error (12002): Port "CH1[4]" does not exist in macrofunction "inst3"
Error (12002): Port "CH1[5]" does not exist in macrofunction "inst3"
Error (12002): Port "CH1[6]" does not exist in macrofunction "inst3"
Error (12002): Port "CH1[7]" does not exist in macrofunction "inst3"
Error (12002): Port "CH1[8]" does not exist in macrofunction "inst3"
Error (12002): Port "CH1[9]" does not exist in macrofunction "inst3"
Error (12002): Port "CH2[0]" does not exist in macrofunction "inst3"
Error (12002): Port "CH2[10]" does not exist in macrofunction "inst3"
Error (12002): Port "CH2[11]" does not exist in macrofunction "inst3"
Error (12002): Port "CH2[1]" does not exist in macrofunction "inst3"
Error (12002): Port "CH2[2]" does not exist in macrofunction "inst3"
Error (12002): Port "CH2[3]" does not exist in macrofunction "inst3"
Error (12002): Port "CH2[4]" does not exist in macrofunction "inst3"
Error (12002): Port "CH2[5]" does not exist in macrofunction "inst3"
Error (12002): Port "CH2[6]" does not exist in macrofunction "inst3"
Error (12002): Port "CH2[7]" does not exist in macrofunction "inst3"
Error (12002): Port "CH2[8]" does not exist in macrofunction "inst3"
Error (12002): Port "CH2[9]" does not exist in macrofunction "inst3"
Error (12002): Port "CH3[0]" does not exist in macrofunction "inst3"
Error (12002): Port "CH3[10]" does not exist in macrofunction "inst3"
Error (12002): Port "CH3[11]" does not exist in macrofunction "inst3"
Error (12002): Port "CH3[1]" does not exist in macrofunction "inst3"
Error (12002): Port "CH3[2]" does not exist in macrofunction "inst3"
Error (12002): Port "CH3[3]" does not exist in macrofunction "inst3"
Error (12002): Port "CH3[4]" does not exist in macrofunction "inst3"
Error (12002): Port "CH3[5]" does not exist in macrofunction "inst3"
Error (12002): Port "CH3[6]" does not exist in macrofunction "inst3"
Error (12002): Port "CH3[7]" does not exist in macrofunction "inst3"
Error (12002): Port "CH3[8]" does not exist in macrofunction "inst3"
Error (12002): Port "CH3[9]" does not exist in macrofunction "inst3"
Error (12002): Port "CH4[0]" does not exist in macrofunction "inst3"
Error (12002): Port "CH4[10]" does not exist in macrofunction "inst3"
Error (12002): Port "CH4[11]" does not exist in macrofunction "inst3"
Error (12002): Port "CH4[1]" does not exist in macrofunction "inst3"
Error (12002): Port "CH4[2]" does not exist in macrofunction "inst3"
Error (12002): Port "CH4[3]" does not exist in macrofunction "inst3"
Error (12002): Port "CH4[4]" does not exist in macrofunction "inst3"
Error (12002): Port "CH4[5]" does not exist in macrofunction "inst3"
Error (12002): Port "CH4[6]" does not exist in macrofunction "inst3"
Error (12002): Port "CH4[7]" does not exist in macrofunction "inst3"
Error (12002): Port "CH4[8]" does not exist in macrofunction "inst3"
Error (12002): Port "CH4[9]" does not exist in macrofunction "inst3"
Error (12002): Port "CH5[0]" does not exist in macrofunction "inst3"
Error (12002): Port "CH5[10]" does not exist in macrofunction "inst3"
Error (12002): Port "CH5[11]" does not exist in macrofunction "inst3"
Error (12002): Port "CH5[1]" does not exist in macrofunction "inst3"
Error (12002): Port "CH5[2]" does not exist in macrofunction "inst3"
Error (12002): Port "CH5[3]" does not exist in macrofunction "inst3"
Error (12002): Port "CH5[4]" does not exist in macrofunction "inst3"
Error (12002): Port "CH5[5]" does not exist in macrofunction "inst3"
Error (12002): Port "CH5[6]" does not exist in macrofunction "inst3"
Error (12002): Port "CH5[7]" does not exist in macrofunction "inst3"
Error (12002): Port "CH5[8]" does not exist in macrofunction "inst3"
Error (12002): Port "CH5[9]" does not exist in macrofunction "inst3"
Error (12002): Port "CH6[0]" does not exist in macrofunction "inst3"
Error (12002): Port "CH6[10]" does not exist in macrofunction "inst3"
Error (12002): Port "CH6[11]" does not exist in macrofunction "inst3"
Error (12002): Port "CH6[1]" does not exist in macrofunction "inst3"
Error (12002): Port "CH6[2]" does not exist in macrofunction "inst3"
Error (12002): Port "CH6[3]" does not exist in macrofunction "inst3"
Error (12002): Port "CH6[4]" does not exist in macrofunction "inst3"
Error (12002): Port "CH6[5]" does not exist in macrofunction "inst3"
Error (12002): Port "CH6[6]" does not exist in macrofunction "inst3"
Error (12002): Port "CH6[7]" does not exist in macrofunction "inst3"
Error (12002): Port "CH6[8]" does not exist in macrofunction "inst3"
Error (12002): Port "CH6[9]" does not exist in macrofunction "inst3"
Error (12002): Port "CH7[0]" does not exist in macrofunction "inst3"
Error (12002): Port "CH7[10]" does not exist in macrofunction "inst3"
Error (12002): Port "CH7[11]" does not exist in macrofunction "inst3"
Error (12002): Port "CH7[1]" does not exist in macrofunction "inst3"
Error (12002): Port "CH7[2]" does not exist in macrofunction "inst3"
Error (12002): Port "CH7[3]" does not exist in macrofunction "inst3"
Error (12002): Port "CH7[4]" does not exist in macrofunction "inst3"
Error (12002): Port "CH7[5]" does not exist in macrofunction "inst3"
Error (12002): Port "CH7[6]" does not exist in macrofunction "inst3"
Error (12002): Port "CH7[7]" does not exist in macrofunction "inst3"
Error (12002): Port "CH7[8]" does not exist in macrofunction "inst3"
Error (12002): Port "CH7[9]" does not exist in macrofunction "inst3"
Error: Quartus Prime Analysis & Synthesis was unsuccessful. 99 errors, 1 warning
    Error: Peak virtual memory: 4858 megabytes
    Error: Processing ended: Tue Nov 06 12:27:27 2018
    Error: Elapsed time: 00:00:16
    Error: Total CPU time (on all processors): 00:00:37


